[0m00:23:31.216335 [debug] [MainThread]: Sending event: {'category': 'dbt', 'action': 'invocation', 'label': 'start', 'context': [<snowplow_tracker.self_describing_json.SelfDescribingJson object at 0x000002345C112B30>, <snowplow_tracker.self_describing_json.SelfDescribingJson object at 0x000002345E573460>, <snowplow_tracker.self_describing_json.SelfDescribingJson object at 0x000002345E572650>]}


============================== 00:23:31.222365 | 96ba966d-7712-4f26-9918-9d25397b72b0 ==============================
[0m00:23:31.222365 [info ] [MainThread]: Running with dbt=1.6.6
[0m00:23:31.223370 [debug] [MainThread]: running dbt with arguments {'printer_width': '80', 'indirect_selection': 'eager', 'log_cache_events': 'False', 'write_json': 'True', 'partial_parse': 'True', 'cache_selected_only': 'False', 'profiles_dir': 'C:\\Users\\erenm\\.dbt', 'version_check': 'True', 'debug': 'False', 'log_path': 'logs', 'fail_fast': 'False', 'warn_error': 'None', 'use_colors': 'True', 'use_experimental_parser': 'False', 'no_print': 'None', 'quiet': 'False', 'log_format': 'default', 'introspect': 'True', 'invocation_command': 'dbt init gg_analytics', 'static_parser': 'True', 'target_path': 'None', 'warn_error_options': 'WarnErrorOptions(include=[], exclude=[])', 'send_anonymous_usage_stats': 'True'}
[0m00:23:31.224365 [warn ] [MainThread]: [ConfigFolderDirectory]: Unable to parse dict {'dir': WindowsPath('C:/Users/erenm/.dbt')}
[0m00:23:31.225333 [info ] [MainThread]: Creating dbt configuration folder at 
[0m00:23:31.227335 [debug] [MainThread]: Starter project path: C:\Users\erenm\.virtualenvs\getground_dbt-MbRko_sS\lib\site-packages\dbt\include\starter_project
[0m00:23:31.309716 [info ] [MainThread]: 
Your new dbt project "gg_analytics" was created!

For more information on how to configure the profiles.yml file,
please consult the dbt documentation here:

  https://docs.getdbt.com/docs/configure-your-profile

One more thing:

Need help? Don't hesitate to reach out to us via GitHub issues or on Slack:

  https://community.getdbt.com/

Happy modeling!

[0m00:23:31.310728 [info ] [MainThread]: Setting up your profile.
[0m00:23:31.311726 [error] [MainThread]: Encountered an error:
Runtime Error
  No adapters available. Learn how to install an adapter by going to https://docs.getdbt.com/docs/connect-adapters#install-using-the-cli
[0m00:23:31.312728 [debug] [MainThread]: Command `dbt init` failed at 00:23:31.312728 after 0.11 seconds
[0m00:23:31.313752 [debug] [MainThread]: Sending event: {'category': 'dbt', 'action': 'invocation', 'label': 'end', 'context': [<snowplow_tracker.self_describing_json.SelfDescribingJson object at 0x000002345C112B30>, <snowplow_tracker.self_describing_json.SelfDescribingJson object at 0x000002345EBBE1A0>, <snowplow_tracker.self_describing_json.SelfDescribingJson object at 0x000002345EBBE0B0>]}
[0m00:23:31.313752 [debug] [MainThread]: Flushing usage events
